<?xml version="1.0" encoding="UTF-8"?>
<!-- Generated by org.testng.reporters.JUnitXMLReporter -->
<testsuite ignored="0" hostname="pavanis-Air" failures="0" tests="4" name="Test" time="0.093" errors="0" timestamp="2021-08-11T12:21:36 CDT">
  <testcase classname="Examples.class1" name="method1" time="0.013"/>
  <testcase classname="Examples.class1" name="method2" time="0.004"/>
  <testcase classname="Examples.class2" name="M1" time="0.002"/>
  <testcase classname="Examples.class2" name="M2" time="0.003"/>
</testsuite> <!-- Test -->
